<?xml version="1.0" encoding="UTF-8"?>
<!-- Generated by org.testng.reporters.JUnitXMLReporter -->
<testsuite ignored="1" hostname="FROMSPACE" failures="0" tests="2" name="GroupingTest" time="17.847" errors="0" timestamp="2025-08-23T21:39:13 EDT">
  <testcase classname="testCases.TC001_AccountRegistrationTest" name="verify_account_registration" time="2.586"/>
  <testcase classname="testCases.TC002_LoginTest" name="verify_login" time="1.804"/>
  <testcase classname="testCases.TC003_LoginDDT" name="verify_LoginDDT" time="0.0">
    <ignored/>
  </testcase> <!-- verify_LoginDDT -->
</testsuite> <!-- GroupingTest -->
