<?xml version="1.0" encoding="UTF-8"?>
<testng-results ignored="1" total="3" passed="2" failed="0" skipped="0">
  <reporter-output>
  </reporter-output>
  <suite started-at="2025-08-23T21:38:54 EDT" name="Suite" finished-at="2025-08-23T21:39:12 EDT" duration-ms="17847">
    <groups>
      <group name="Master">
        <method signature="TC001_AccountRegistrationTest.verify_account_registration()[pri:0, instance:testCases.TC001_AccountRegistrationTest@64cd705f]" name="verify_account_registration" class="testCases.TC001_AccountRegistrationTest"/>
        <method signature="TC002_LoginTest.verify_login()[pri:0, instance:testCases.TC002_LoginTest@41e36e46]" name="verify_login" class="testCases.TC002_LoginTest"/>
      </group> <!-- Master -->
      <group name="Sanity">
        <method signature="TC002_LoginTest.verify_login()[pri:0, instance:testCases.TC002_LoginTest@41e36e46]" name="verify_login" class="testCases.TC002_LoginTest"/>
      </group> <!-- Sanity -->
      <group name="Regression">
        <method signature="TC001_AccountRegistrationTest.verify_account_registration()[pri:0, instance:testCases.TC001_AccountRegistrationTest@64cd705f]" name="verify_account_registration" class="testCases.TC001_AccountRegistrationTest"/>
      </group> <!-- Regression -->
    </groups>
    <test started-at="2025-08-23T21:38:54 EDT" name="GroupingTest" finished-at="2025-08-23T21:39:12 EDT" duration-ms="17847">
      <class name="testCases.TC002_LoginTest">
        <test-method is-config="true" signature="setup(java.lang.String,java.lang.String)[pri:0, instance:testCases.TC002_LoginTest@41e36e46]" started-at="2025-08-23T21:39:04 EDT" name="setup" finished-at="2025-08-23T21:39:07 EDT" duration-ms="2800" status="PASS">
          <params>
            <param index="0">
              <value>
                <![CDATA[Windows11]]>
              </value>
            </param>
            <param index="1">
              <value>
                <![CDATA[chrome]]>
              </value>
            </param>
          </params>
          <reporter-output>
          </reporter-output>
        </test-method> <!-- setup -->
        <test-method signature="verify_login()[pri:0, instance:testCases.TC002_LoginTest@41e36e46]" started-at="2025-08-23T21:39:07 EDT" name="verify_login" finished-at="2025-08-23T21:39:09 EDT" duration-ms="1804" status="PASS">
          <reporter-output>
          </reporter-output>
        </test-method> <!-- verify_login -->
        <test-method is-config="true" signature="tearDown()[pri:0, instance:testCases.TC002_LoginTest@41e36e46]" started-at="2025-08-23T21:39:09 EDT" name="tearDown" finished-at="2025-08-23T21:39:12 EDT" duration-ms="3182" status="PASS">
          <reporter-output>
          </reporter-output>
        </test-method> <!-- tearDown -->
      </class> <!-- testCases.TC002_LoginTest -->
      <class name="testCases.TC001_AccountRegistrationTest">
        <test-method is-config="true" signature="setup(java.lang.String,java.lang.String)[pri:0, instance:testCases.TC001_AccountRegistrationTest@64cd705f]" started-at="2025-08-23T21:38:54 EDT" name="setup" finished-at="2025-08-23T21:38:58 EDT" duration-ms="4122" status="PASS">
          <params>
            <param index="0">
              <value>
                <![CDATA[Windows11]]>
              </value>
            </param>
            <param index="1">
              <value>
                <![CDATA[chrome]]>
              </value>
            </param>
          </params>
          <reporter-output>
          </reporter-output>
        </test-method> <!-- setup -->
        <test-method signature="verify_account_registration()[pri:0, instance:testCases.TC001_AccountRegistrationTest@64cd705f]" started-at="2025-08-23T21:38:58 EDT" name="verify_account_registration" finished-at="2025-08-23T21:39:01 EDT" duration-ms="2586" status="PASS">
          <reporter-output>
          </reporter-output>
        </test-method> <!-- verify_account_registration -->
        <test-method is-config="true" signature="tearDown()[pri:0, instance:testCases.TC001_AccountRegistrationTest@64cd705f]" started-at="2025-08-23T21:39:01 EDT" name="tearDown" finished-at="2025-08-23T21:39:04 EDT" duration-ms="3185" status="PASS">
          <reporter-output>
          </reporter-output>
        </test-method> <!-- tearDown -->
      </class> <!-- testCases.TC001_AccountRegistrationTest -->
    </test> <!-- GroupingTest -->
  </suite> <!-- Suite -->
</testng-results>
